[20:43:35] [main/INFO]: Loading Minecraft 1.21.8 with Fabric Loader 0.16.14
[20:43:35] [main/INFO]: Loading 4 mods:
	- fabricloader 0.16.14
	   \-- mixinextras 0.4.1
	- java 21
	- minecraft 1.21.8
[20:43:35] [main/INFO]: SpongePowered MIXIN Subsystem Version=0.8.7 Source=file:/workspaces/SAS/servidor_minecraft/libraries/net/fabricmc/sponge-mixin/0.15.5+mixin.0.8.7/sponge-mixin-0.15.5+mixin.0.8.7.jar Service=Knot/Fabric Env=SERVER
[20:43:40] [main/INFO]: Environment: Environment[sessionHost=https://sessionserver.mojang.com, servicesHost=https://api.minecraftservices.com, name=PROD]
[20:43:41] [main/INFO]: No existing world data, creating new world
[20:43:42] [main/INFO]: Loaded 1407 recipes
[20:43:42] [main/INFO]: Loaded 1520 advancements
[20:43:42] [Server thread/INFO]: Starting minecraft server version 1.21.8
[20:43:42] [Server thread/INFO]: Loading properties
[20:43:42] [Server thread/INFO]: Default game type: SURVIVAL
[20:43:42] [Server thread/INFO]: Generating keypair
[20:43:42] [Server thread/INFO]: Starting Minecraft server on *:25565
[20:43:42] [Server thread/INFO]: Using epoll channel type
[20:43:42] [Server thread/WARN]: **** SERVER IS RUNNING IN OFFLINE/INSECURE MODE!
[20:43:42] [Server thread/WARN]: The server will make no attempt to authenticate usernames. Beware.
[20:43:42] [Server thread/WARN]: While this makes the game possible to play without internet access, it also opens up the ability for hackers to connect with any username they choose.
[20:43:42] [Server thread/WARN]: To change this, set "online-mode" to "true" in the server.properties file.
[20:43:42] [Server thread/INFO]: Preparing level "world"
[20:43:49] [Server thread/INFO]: Preparing start region for dimension minecraft:overworld
[20:43:49] [Worker-Main-2/INFO]: Preparing spawn area: 2%
[20:43:50] [Worker-Main-2/INFO]: Preparing spawn area: 2%
[20:43:50] [Worker-Main-3/INFO]: Preparing spawn area: 2%
[20:43:51] [Worker-Main-1/INFO]: Preparing spawn area: 18%
[20:43:51] [Worker-Main-2/INFO]: Preparing spawn area: 18%
[20:43:52] [Worker-Main-1/INFO]: Preparing spawn area: 18%
[20:43:52] [Worker-Main-3/INFO]: Preparing spawn area: 51%
[20:43:53] [Worker-Main-2/INFO]: Preparing spawn area: 51%
[20:43:53] [Worker-Main-2/INFO]: Preparing spawn area: 51%
[20:43:54] [Server thread/INFO]: Time elapsed: 4180 ms
[20:43:54] [Server thread/INFO]: Done (11.126s)! For help, type "help"
